app/build/outputs/logs/manifest-merger-staiging-debug-report.txt
-- Merging decision tree log ---
provider#androidx.core.content.FileProvider
INJECTED from src\main\AndroidManifest.xml:62:9-70:20
	android:grantUriPermissions
		ADDED from src\main\AndroidManifest.xml:66:13-47
	android:authorities
		INJECTED from src\main\AndroidManifest.xml
		ADDED from src\main\AndroidManifest.xml:64:13-64
	android:exported
		ADDED from src\main\AndroidManifest.xml:65:13-37
	android:name
		ADDED from src\main\AndroidManifest.xml:63:13-62
manifest
ADDED from src\main\AndroidManifest.xml:2:1-294:12
INJECTED from src\main\AndroidManifest.xml:2:1-294:12
INJECTED from src\main\AndroidManifest.xml:2:1-294:12
INJECTED from src\main\AndroidManifest.xml:2:1-294:12
MERGED from [io.realm:realm-android-library:5.8.0] AndroidManifest.xml:2:1-10:12
MERGED from [androidx.databinding:databinding-adapters:3.4.2] AndroidManifest.xml:17:1-24:12
MERGED from [androidx.databinding:databinding-runtime:3.4.2] AndroidManifest.xml:17:1-24:12
MERGED from [com.google.android.material:material:1.0.0] AndroidManifest.xml:17:1-24:12
MERGED from [gun0912.ted:tedpermission:2.2.2] AndroidManifest.xml:2:1-17:12
MERGED from [com.airbnb.android:lottie:2.8.0] AndroidManifest.xml:2:1-13:12
MERGED from [me.zhanghai.android.materialratingbar:library:1.3.2] AndroidManifest.xml:6:1-15:12
MERGED from [com.chaos.view:pinview:1.4.3] AndroidManifest.xml:17:1-24:12
MERGED from [androidx.appcompat:appcompat:1.0.2] AndroidManifest.xml:17:1-22:12
MERGED from [androidx.constraintlayout:constraintlayout:1.1.3] AndroidManifest.xml:2:1-11:12
MERGED from [com.github.bumptech.glide:glide:4.8.0] AndroidManifest.xml:2:1-12:12
MERGED from [me.dm7.barcodescanner:zxing:1.9.8] AndroidManifest.xml:2:1-13:12
MERGED from [com.journeyapps:zxing-android-embedded:3.5.0] AndroidManifest.xml:17:1-55:12
MERGED from [com.kakao.sdk:kakaolink:1.17.0] AndroidManifest.xml:2:1-13:12
MERGED from [com.jakewharton:butterknife:10.1.0] AndroidManifest.xml:2:1-7:12
MERGED from [androidx.paging:paging-runtime:2.1.0] AndroidManifest.xml:17:1-22:12
MERGED from [androidx.lifecycle:lifecycle-extensions:2.0.0] AndroidManifest.xml:17:1-25:12
MERGED from [androidx.multidex:multidex:2.0.0] AndroidManifest.xml:17:1-22:12
MERGED from [androidx.biometric:biometric:1.0.0-alpha04] AndroidManifest.xml:17:1-25:12
MERGED from [com.google.firebase:firebase-core:17.0.1] AndroidManifest.xml:2:1-9:12
MERGED from [com.google.firebase:firebase-messaging:19.0.1] AndroidManifest.xml:17:1-37:12
MERGED from [androidx.exifinterface:exifinterface:1.1.0-beta01] AndroidManifest.xml:17:1-24:12
MERGED from [io.reactivex.rxjava2:rxandroid:2.1.0] AndroidManifest.xml:15:1-20:12
MERGED from [com.getkeepsafe.relinker:relinker:1.3.0] AndroidManifest.xml:2:1-7:12
MERGED from [me.dm7.barcodescanner:core:1.9.8] AndroidManifest.xml:2:1-13:12
MERGED from [androidx.legacy:legacy-support-v4:1.0.0] AndroidManifest.xml:17:1-22:12
MERGED from [com.google.firebase:firebase-analytics:17.0.0] AndroidManifest.xml:2:1-9:12
MERGED from [com.google.android.gms:play-services-measurement-api:17.0.0] AndroidManifest.xml:17:1-36:12
MERGED from [com.google.firebase:firebase-iid:19.0.1] AndroidManifest.xml:17:1-47:12
MERGED from [com.google.firebase:firebase-common:18.0.0] AndroidManifest.xml:2:1-19:12
MERGED from [com.google.firebase:firebase-iid-interop:17.0.0] AndroidManifest.xml:2:1-10:12
MERGED from [com.google.android.gms:play-services-base:17.0.0] AndroidManifest.xml:17:1-29:12
MERGED from [com.google.android.gms:play-services-tasks:17.0.0] AndroidManifest.xml:2:1-9:12
MERGED from [com.google.firebase:firebase-measurement-connector:18.0.0] AndroidManifest.xml:17:1-25:12
MERGED from [com.google.android.gms:play-services-measurement:17.0.0] AndroidManifest.xml:17:1-55:12
MERGED from [com.google.android.gms:play-services-measurement-sdk:17.0.0] AndroidManifest.xml:17:1-25:12
MERGED from [com.google.android.gms:play-services-measurement-impl:17.0.0] AndroidManifest.xml:17:1-40:12
MERGED from [com.google.android.gms:play-services-stats:17.0.0] AndroidManifest.xml:2:1-9:12
MERGED from [com.google.android.gms:play-services-measurement-sdk-api:17.0.0] AndroidManifest.xml:17:1-40:12
MERGED from [com.google.android.gms:play-services-measurement-base:17.0.0] AndroidManifest.xml:2:1-9:12
MERGED from [com.google.android.gms:play-services-ads-identifier:17.0.0] AndroidManifest.xml:17:1-24:12
MERGED from [com.google.android.gms:play-services-basement:17.0.0] AndroidManifest.xml:17:1-28:12
MERGED from [androidx.fragment:fragment:1.0.0] AndroidManifest.xml:17:1-22:12
MERGED from [androidx.recyclerview:recyclerview:1.0.0] AndroidManifest.xml:17:1-22:12
MERGED from [androidx.vectordrawable:vectordrawable-animated:1.0.0] AndroidManifest.xml:17:1-22:12
MERGED from [androidx.browser:browser:1.0.0] AndroidManifest.xml:17:1-22:12
MERGED from [androidx.legacy:legacy-support-core-ui:1.0.0] AndroidManifest.xml:17:1-22:12
MERGED from [androidx.legacy:legacy-support-core-utils:1.0.0] AndroidManifest.xml:17:1-22:12
MERGED from [androidx.transition:transition:1.0.0] AndroidManifest.xml:17:1-22:12
MERGED from [androidx.vectordrawable:vectordrawable:1.0.1] AndroidManifest.xml:17:1-22:12
MERGED from [com.jakewharton:butterknife-runtime:10.1.0] AndroidManifest.xml:2:1-7:12
MERGED from [androidx.viewpager:viewpager:1.0.0] AndroidManifest.xml:17:1-22:12
MERGED from [androidx.coordinatorlayout:coordinatorlayout:1.0.0] AndroidManifest.xml:17:1-22:12
MERGED from [androidx.drawerlayout:drawerlayout:1.0.0] AndroidManifest.xml:17:1-22:12
MERGED from [androidx.slidingpanelayout:slidingpanelayout:1.0.0] AndroidManifest.xml:17:1-22:12
MERGED from [androidx.customview:customview:1.0.0] AndroidManifest.xml:17:1-22:12
MERGED from [androidx.swiperefreshlayout:swiperefreshlayout:1.0.0] AndroidManifest.xml:17:1-22:12
MERGED from [androidx.asynclayoutinflater:asynclayoutinflater:1.0.0] AndroidManifest.xml:17:1-22:12
MERGED from [androidx.loader:loader:1.0.0] AndroidManifest.xml:17:1-22:12
MERGED from [androidx.media:media:1.0.0] AndroidManifest.xml:17:1-22:12
MERGED from [androidx.core:core:1.0.1] AndroidManifest.xml:17:1-24:12
MERGED from [androidx.lifecycle:lifecycle-process:2.0.0] AndroidManifest.xml:17:1-30:12
MERGED from [androidx.lifecycle:lifecycle-service:2.0.0] AndroidManifest.xml:17:1-22:12
MERGED from [androidx.lifecycle:lifecycle-runtime:2.0.0] AndroidManifest.xml:17:1-22:12
MERGED from [androidx.versionedparcelable:versionedparcelable:1.0.0] AndroidManifest.xml:17:1-25:12
MERGED from [androidx.cardview:cardview:1.0.0] AndroidManifest.xml:17:1-22:12
MERGED from [androidx.cursoradapter:cursoradapter:1.0.0] AndroidManifest.xml:17:1-22:12
MERGED from [com.github.bumptech.glide:gifdecoder:4.8.0] AndroidManifest.xml:2:1-11:12
MERGED from [androidx.lifecycle:lifecycle-livedata:2.0.0] AndroidManifest.xml:17:1-22:12
MERGED from [androidx.lifecycle:lifecycle-livedata-core:2.0.0] AndroidManifest.xml:17:1-22:12
MERGED from [androidx.arch.core:core-runtime:2.0.0] AndroidManifest.xml:17:1-22:12
MERGED from [androidx.lifecycle:lifecycle-viewmodel:2.0.0] AndroidManifest.xml:17:1-22:12
MERGED from [androidx.interpolator:interpolator:1.0.0] AndroidManifest.xml:17:1-22:12
MERGED from [androidx.documentfile:documentfile:1.0.0] AndroidManifest.xml:17:1-22:12
MERGED from [androidx.localbroadcastmanager:localbroadcastmanager:1.0.0] AndroidManifest.xml:17:1-22:12
MERGED from [androidx.print:print:1.0.0] AndroidManifest.xml:17:1-22:12
MERGED from [com.kakao.sdk:network:1.17.0] AndroidManifest.xml:2:1-11:12
MERGED from [com.kakao.sdk:common:1.17.0] AndroidManifest.xml:2:1-11:12
MERGED from [com.kakao.sdk:message-template:1.17.0] AndroidManifest.xml:2:1-11:12
MERGED from [com.kakao.sdk:util:1.17.0] AndroidManifest.xml:2:1-11:12
INJECTED from src\main\AndroidManifest.xml:2:1-294:12
INJECTED from src\main\AndroidManifest.xml:2:1-294:12
INJECTED from src\main\AndroidManifest.xml:2:1-294:12
	package
		ADDED from src\main\AndroidManifest.xml:4:5-34
		INJECTED from src\main\AndroidManifest.xml
		INJECTED from src\main\AndroidManifest.xml
	android:versionName
		INJECTED from src\main\AndroidManifest.xml
		ADDED from src\main\AndroidManifest.xml:2:1-294:12
		INJECTED from src\main\AndroidManifest.xml
	xmlns:tools
		ADDED from src\main\AndroidManifest.xml:3:5-51
	android:versionCode
		INJECTED from src\main\AndroidManifest.xml
		ADDED from src\main\AndroidManifest.xml:2:1-294:12
		INJECTED from src\main\AndroidManifest.xml
	xmlns:android
		ADDED from src\main\AndroidManifest.xml:2:11-69
uses-feature#android.hardware.camera
ADDED from src\main\AndroidManifest.xml:6:5-60
MERGED from [com.journeyapps:zxing-android-embedded:3.5.0] AndroidManifest.xml:24:5-26:36
MERGED from [com.journeyapps:zxing-android-embedded:3.5.0] AndroidManifest.xml:24:5-26:36
	android:name
		ADDED from src\main\AndroidManifest.xml:6:19-57
uses-feature#android.hardware.camera.autofocus
ADDED from src\main\AndroidManifest.xml:7:5-70
MERGED from [com.journeyapps:zxing-android-embedded:3.5.0] AndroidManifest.xml:32:5-34:36
MERGED from [com.journeyapps:zxing-android-embedded:3.5.0] AndroidManifest.xml:32:5-34:36
	android:name
		ADDED from src\main\AndroidManifest.xml:7:19-67
uses-permission#android.permission.INTERNET
ADDED from src\main\AndroidManifest.xml:9:5-67
MERGED from [com.google.android.gms:play-services-measurement-api:17.0.0] AndroidManifest.xml:22:5-67
MERGED from [com.google.android.gms:play-services-measurement-api:17.0.0] AndroidManifest.xml:22:5-67
MERGED from [com.google.firebase:firebase-iid:19.0.1] AndroidManifest.xml:23:5-67
MERGED from [com.google.firebase:firebase-iid:19.0.1] AndroidManifest.xml:23:5-67
MERGED from [com.google.android.gms:play-services-measurement:17.0.0] AndroidManifest.xml:23:5-67
MERGED from [com.google.android.gms:play-services-measurement:17.0.0] AndroidManifest.xml:23:5-67
MERGED from [com.google.android.gms:play-services-measurement-impl:17.0.0] AndroidManifest.xml:23:5-67
MERGED from [com.google.android.gms:play-services-measurement-impl:17.0.0] AndroidManifest.xml:23:5-67
MERGED from [com.google.android.gms:play-services-measurement-sdk-api:17.0.0] AndroidManifest.xml:23:5-67
MERGED from [com.google.android.gms:play-services-measurement-sdk-api:17.0.0] AndroidManifest.xml:23:5-67
	android:name
		ADDED from src\main\AndroidManifest.xml:9:22-64
uses-permission#android.permission.ACCESS_COARSE_LOCATION
ADDED from src\main\AndroidManifest.xml:10:5-81
	android:name
		ADDED from src\main\AndroidManifest.xml:10:22-78
uses-permission#android.permission.ACCESS_FINE_LOCATION
ADDED from src\main\AndroidManifest.xml:11:5-79
	android:name
		ADDED from src\main\AndroidManifest.xml:11:22-76
uses-permission#android.permission.CAMERA
ADDED from src\main\AndroidManifest.xml:12:5-65
MERGED from [com.journeyapps:zxing-android-embedded:3.5.0] AndroidManifest.xml:21:5-65
MERGED from [com.journeyapps:zxing-android-embedded:3.5.0] AndroidManifest.xml:21:5-65
	android:name
		ADDED from src\main\AndroidManifest.xml:12:22-62
uses-permission#android.permission.CALL_PHONE
ADDED from src\main\AndroidManifest.xml:13:5-69
	android:name
		ADDED from src\main\AndroidManifest.xml:13:22-66
uses-permission#android.permission.READ_PHONE_STATE
ADDED from src\main\AndroidManifest.xml:14:5-75
	android:name
		ADDED from src\main\AndroidManifest.xml:14:22-72
uses-permission#android.permission.READ_EXTERNAL_STORAGE
ADDED from src\main\AndroidManifest.xml:15:5-80
	android:name
		ADDED from src\main\AndroidManifest.xml:15:22-77
uses-permission#android.permission.WRITE_EXTERNAL_STORAGE
ADDED from src\main\AndroidManifest.xml:16:5-81
	android:name
		ADDED from src\main\AndroidManifest.xml:16:22-78
application
ADDED from src\main\AndroidManifest.xml:18:5-292:19
MERGED from [com.google.android.material:material:1.0.0] AndroidManifest.xml:22:5-20
MERGED from [com.google.android.material:material:1.0.0] AndroidManifest.xml:22:5-20
MERGED from [gun0912.ted:tedpermission:2.2.2] AndroidManifest.xml:9:5-15:19
MERGED from [gun0912.ted:tedpermission:2.2.2] AndroidManifest.xml:9:5-15:19
MERGED from [com.airbnb.android:lottie:2.8.0] AndroidManifest.xml:11:5-20
MERGED from [com.airbnb.android:lottie:2.8.0] AndroidManifest.xml:11:5-20
MERGED from [androidx.constraintlayout:constraintlayout:1.1.3] AndroidManifest.xml:9:5-20
MERGED from [androidx.constraintlayout:constraintlayout:1.1.3] AndroidManifest.xml:9:5-20
MERGED from [com.github.bumptech.glide:glide:4.8.0] AndroidManifest.xml:10:5-20
MERGED from [com.github.bumptech.glide:glide:4.8.0] AndroidManifest.xml:10:5-20
MERGED from [me.dm7.barcodescanner:zxing:1.9.8] AndroidManifest.xml:11:5-20
MERGED from [me.dm7.barcodescanner:zxing:1.9.8] AndroidManifest.xml:11:5-20
MERGED from [com.journeyapps:zxing-android-embedded:3.5.0] AndroidManifest.xml:45:5-53:19
MERGED from [com.journeyapps:zxing-android-embedded:3.5.0] AndroidManifest.xml:45:5-53:19
MERGED from [androidx.lifecycle:lifecycle-extensions:2.0.0] AndroidManifest.xml:22:5-23:19
MERGED from [androidx.lifecycle:lifecycle-extensions:2.0.0] AndroidManifest.xml:22:5-23:19
MERGED from [com.google.firebase:firebase-core:17.0.1] AndroidManifest.xml:7:5-20
MERGED from [com.google.firebase:firebase-core:17.0.1] AndroidManifest.xml:7:5-20
MERGED from [com.google.firebase:firebase-messaging:19.0.1] AndroidManifest.xml:22:5-35:19
MERGED from [com.google.firebase:firebase-messaging:19.0.1] AndroidManifest.xml:22:5-35:19
MERGED from [me.dm7.barcodescanner:core:1.9.8] AndroidManifest.xml:11:5-20
MERGED from [me.dm7.barcodescanner:core:1.9.8] AndroidManifest.xml:11:5-20
MERGED from [com.google.firebase:firebase-analytics:17.0.0] AndroidManifest.xml:7:5-20
MERGED from [com.google.firebase:firebase-analytics:17.0.0] AndroidManifest.xml:7:5-20
MERGED from [com.google.android.gms:play-services-measurement-api:17.0.0] AndroidManifest.xml:26:5-34:19
MERGED from [com.google.android.gms:play-services-measurement-api:17.0.0] AndroidManifest.xml:26:5-34:19
MERGED from [com.google.firebase:firebase-iid:19.0.1] AndroidManifest.xml:28:5-45:19
MERGED from [com.google.firebase:firebase-iid:19.0.1] AndroidManifest.xml:28:5-45:19
MERGED from [com.google.firebase:firebase-common:18.0.0] AndroidManifest.xml:11:5-17:19
MERGED from [com.google.firebase:firebase-common:18.0.0] AndroidManifest.xml:11:5-17:19
MERGED from [com.google.firebase:firebase-iid-interop:17.0.0] AndroidManifest.xml:7:5-8:19
MERGED from [com.google.firebase:firebase-iid-interop:17.0.0] AndroidManifest.xml:7:5-8:19
MERGED from [com.google.android.gms:play-services-base:17.0.0] AndroidManifest.xml:22:5-27:19
MERGED from [com.google.android.gms:play-services-base:17.0.0] AndroidManifest.xml:22:5-27:19
MERGED from [com.google.android.gms:play-services-tasks:17.0.0] AndroidManifest.xml:7:5-20
MERGED from [com.google.android.gms:play-services-tasks:17.0.0] AndroidManifest.xml:7:5-20
MERGED from [com.google.firebase:firebase-measurement-connector:18.0.0] AndroidManifest.xml:22:5-23:19
MERGED from [com.google.firebase:firebase-measurement-connector:18.0.0] AndroidManifest.xml:22:5-23:19
MERGED from [com.google.android.gms:play-services-measurement:17.0.0] AndroidManifest.xml:28:5-53:19
MERGED from [com.google.android.gms:play-services-measurement:17.0.0] AndroidManifest.xml:28:5-53:19
MERGED from [com.google.android.gms:play-services-measurement-sdk:17.0.0] AndroidManifest.xml:22:5-23:19
MERGED from [com.google.android.gms:play-services-measurement-sdk:17.0.0] AndroidManifest.xml:22:5-23:19
MERGED from [com.google.android.gms:play-services-measurement-impl:17.0.0] AndroidManifest.xml:28:5-38:19
MERGED from [com.google.android.gms:play-services-measurement-impl:17.0.0] AndroidManifest.xml:28:5-38:19
MERGED from [com.google.android.gms:play-services-stats:17.0.0] AndroidManifest.xml:7:5-20
MERGED from [com.google.android.gms:play-services-stats:17.0.0] AndroidManifest.xml:7:5-20
MERGED from [com.google.android.gms:play-services-measurement-sdk-api:17.0.0] AndroidManifest.xml:28:5-38:19
MERGED from [com.google.android.gms:play-services-measurement-sdk-api:17.0.0] AndroidManifest.xml:28:5-38:19
MERGED from [com.google.android.gms:play-services-measurement-base:17.0.0] AndroidManifest.xml:7:5-20
MERGED from [com.google.android.gms:play-services-measurement-base:17.0.0] AndroidManifest.xml:7:5-20
MERGED from [com.google.android.gms:play-services-ads-identifier:17.0.0] AndroidManifest.xml:22:5-20
MERGED from [com.google.android.gms:play-services-ads-identifier:17.0.0] AndroidManifest.xml:22:5-20
MERGED from [com.google.android.gms:play-services-basement:17.0.0] AndroidManifest.xml:22:5-26:19
MERGED from [com.google.android.gms:play-services-basement:17.0.0] AndroidManifest.xml:22:5-26:19
MERGED from [androidx.core:core:1.0.1] AndroidManifest.xml:22:5-89
MERGED from [androidx.core:core:1.0.1] AndroidManifest.xml:22:5-89
MERGED from [androidx.lifecycle:lifecycle-process:2.0.0] AndroidManifest.xml:22:5-28:19
MERGED from [androidx.lifecycle:lifecycle-process:2.0.0] AndroidManifest.xml:22:5-28:19
MERGED from [androidx.versionedparcelable:versionedparcelable:1.0.0] AndroidManifest.xml:22:5-23:19
MERGED from [androidx.versionedparcelable:versionedparcelable:1.0.0] AndroidManifest.xml:22:5-23:19
MERGED from [com.github.bumptech.glide:gifdecoder:4.8.0] AndroidManifest.xml:9:5-20
MERGED from [com.github.bumptech.glide:gifdecoder:4.8.0] AndroidManifest.xml:9:5-20
	android:appComponentFactory
		ADDED from [androidx.core:core:1.0.1] AndroidManifest.xml:22:18-86
	android:supportsRtl
		ADDED from src\main\AndroidManifest.xml:24:9-35
	android:label
		ADDED from src\main\AndroidManifest.xml:21:9-41
	tools:ignore
		ADDED from src\main\AndroidManifest.xml:26:9-39
	android:roundIcon
		ADDED from src\main\AndroidManifest.xml:23:9-54
	android:icon
		ADDED from src\main\AndroidManifest.xml:20:9-43
	android:allowBackup
		ADDED from src\main\AndroidManifest.xml:19:9-36
	android:theme
		ADDED from src\main\AndroidManifest.xml:25:9-40
	android:networkSecurityConfig
		ADDED from src\main\AndroidManifest.xml:22:9-69
uses-library#org.apache.http.legacy
ADDED from src\main\AndroidManifest.xml:28:9-30:40
	android:required
		ADDED from src\main\AndroidManifest.xml:30:13-37
	android:name
		ADDED from src\main\AndroidManifest.xml:29:13-50
meta-data#com.kakao.sdk.AppKey
ADDED from src\main\AndroidManifest.xml:32:9-34:53
	android:value
		ADDED from src\main\AndroidManifest.xml:34:13-50
	android:name
		ADDED from src\main\AndroidManifest.xml:33:13-48
activity#com.moaPlatform.moa.intro.IntroActivity
ADDED from src\main\AndroidManifest.xml:36:9-54:20
	android:screenOrientation
		ADDED from src\main\AndroidManifest.xml:38:13-49
	android:name
		ADDED from src\main\AndroidManifest.xml:37:13-48
intent-filter#action:name:android.intent.action.MAIN+category:name:android.intent.category.LAUNCHER
ADDED from src\main\AndroidManifest.xml:39:13-42:29
action#android.intent.action.MAIN
ADDED from src\main\AndroidManifest.xml:40:17-69
	android:name
		ADDED from src\main\AndroidManifest.xml:40:25-66
category#android.intent.category.LAUNCHER
ADDED from src\main\AndroidManifest.xml:41:17-77
	android:name
		ADDED from src\main\AndroidManifest.xml:41:27-74
intent-filter#action:name:android.intent.action.VIEW+category:name:android.intent.category.BROWSABLE+category:name:android.intent.category.DEFAULT+data:host:@string/kakaolink_host+data:scheme:@string/kakao_scheme
ADDED from src\main\AndroidManifest.xml:44:13-53:29
action#android.intent.action.VIEW
ADDED from src\main\AndroidManifest.xml:45:17-69
	android:name
		ADDED from src\main\AndroidManifest.xml:45:25-66
category#android.intent.category.DEFAULT
ADDED from src\main\AndroidManifest.xml:47:17-76
	android:name
		ADDED from src\main\AndroidManifest.xml:47:27-73
category#android.intent.category.BROWSABLE
ADDED from src\main\AndroidManifest.xml:48:17-78
	android:name
		ADDED from src\main\AndroidManifest.xml:48:27-75
data
ADDED from src\main\AndroidManifest.xml:50:17-52:61
	android:host
		ADDED from src\main\AndroidManifest.xml:51:21-58
	android:scheme
		ADDED from src\main\AndroidManifest.xml:52:21-58
activity#com.moaPlatform.moa.payment.StartEasyPayActivity
ADDED from src\main\AndroidManifest.xml:55:9-57:52
	android:screenOrientation
		ADDED from src\main\AndroidManifest.xml:57:13-49
	android:name
		ADDED from src\main\AndroidManifest.xml:56:13-57
activity#com.moaPlatform.moa.account.FindIdActivity
ADDED from src\main\AndroidManifest.xml:58:9-60:52
	android:screenOrientation
		ADDED from src\main\AndroidManifest.xml:60:13-49
	android:name
		ADDED from src\main\AndroidManifest.xml:59:13-51
activity#com.moaPlatform.moa.bottom_menu.main.MainActivity
ADDED from src\main\AndroidManifest.xml:72:9-74:52
	android:screenOrientation
		ADDED from src\main\AndroidManifest.xml:74:13-49
	android:name
		ADDED from src\main\AndroidManifest.xml:73:13-58
activity#com.moaPlatform.moa.side_menu.SideMainActivity
ADDED from src\main\AndroidManifest.xml:75:9-77:52
	android:screenOrientation
		ADDED from src\main\AndroidManifest.xml:77:13-49
	android:name
		ADDED from src\main\AndroidManifest.xml:76:13-55
activity#com.moaPlatform.moa.delivery_menu.store_list.StoreListActivity
ADDED from src\main\AndroidManifest.xml:78:9-80:52
	android:screenOrientation
		ADDED from src\main\AndroidManifest.xml:80:13-49
	android:name
		ADDED from src\main\AndroidManifest.xml:79:13-71
activity#com.moaPlatform.moa.top_menu.location.LocationSettingActivity
ADDED from src\main\AndroidManifest.xml:81:9-84:58
	android:screenOrientation
		ADDED from src\main\AndroidManifest.xml:83:13-49
	android:windowSoftInputMode
		ADDED from src\main\AndroidManifest.xml:84:13-55
	android:name
		ADDED from src\main\AndroidManifest.xml:82:13-70
activity#com.moaPlatform.moa.delivery_menu.store_detail.StoreDetailActivity
ADDED from src\main\AndroidManifest.xml:85:9-87:52
	android:screenOrientation
		ADDED from src\main\AndroidManifest.xml:87:13-49
	android:name
		ADDED from src\main\AndroidManifest.xml:86:13-75
activity#com.moaPlatform.moa.bottom_menu.wallet.wallet_main.view.WalletMainActivity
ADDED from src\main\AndroidManifest.xml:88:9-90:52
	android:screenOrientation
		ADDED from src\main\AndroidManifest.xml:90:13-49
	android:name
		ADDED from src\main\AndroidManifest.xml:89:13-83
activity#com.moaPlatform.moa.bottom_menu.wallet.wallet_main.view.WalletSettingActivity
ADDED from src\main\AndroidManifest.xml:91:9-93:52
	android:screenOrientation
		ADDED from src\main\AndroidManifest.xml:93:13-49
	android:name
		ADDED from src\main\AndroidManifest.xml:92:13-86
activity#com.moaPlatform.moa.bottom_menu.wallet.wallet_main.view.WalletAgreeActivity
ADDED from src\main\AndroidManifest.xml:94:9-96:52
	android:screenOrientation
		ADDED from src\main\AndroidManifest.xml:96:13-49
	android:name
		ADDED from src\main\AndroidManifest.xml:95:13-84
activity#com.moaPlatform.moa.bottom_menu.wallet.wallet_main.view.WalletSettingPWActivity
ADDED from src\main\AndroidManifest.xml:97:9-99:52
	android:screenOrientation
		ADDED from src\main\AndroidManifest.xml:99:13-49
	android:name
		ADDED from src\main\AndroidManifest.xml:98:13-88
activity#com.moaPlatform.moa.bottom_menu.wallet.wallet_main.view.IdentityActivity
ADDED from src\main\AndroidManifest.xml:100:9-102:52
	android:screenOrientation
		ADDED from src\main\AndroidManifest.xml:102:13-49
	android:name
		ADDED from src\main\AndroidManifest.xml:101:13-81
activity#com.moaPlatform.moa.bottom_menu.badge.badge_main.view.BadgeActivity
ADDED from src\main\AndroidManifest.xml:103:9-105:52
	android:screenOrientation
		ADDED from src\main\AndroidManifest.xml:105:13-49
	android:name
		ADDED from src\main\AndroidManifest.xml:104:13-76
activity#com.moaPlatform.moa.online_payment.order_payment.OrderPaymentActivity
ADDED from src\main\AndroidManifest.xml:106:9-109:62
	android:screenOrientation
		ADDED from src\main\AndroidManifest.xml:108:13-49
	android:windowSoftInputMode
		ADDED from src\main\AndroidManifest.xml:109:13-60
	android:name
		ADDED from src\main\AndroidManifest.xml:107:13-78
activity#com.moaPlatform.moa.online_payment.order_payment.WalletPayActivity
ADDED from src\main\AndroidManifest.xml:110:9-112:52
	android:screenOrientation
		ADDED from src\main\AndroidManifest.xml:112:13-49
	android:name
		ADDED from src\main\AndroidManifest.xml:111:13-75
activity#com.moaPlatform.moa.delivery_menu.store_product.StoreProductActivity
ADDED from src\main\AndroidManifest.xml:113:9-115:52
	android:screenOrientation
		ADDED from src\main\AndroidManifest.xml:115:13-49
	android:name
		ADDED from src\main\AndroidManifest.xml:114:13-77
activity#com.moaPlatform.moa.bottom_menu.wallet.barcode.QrCodeActivity
ADDED from src\main\AndroidManifest.xml:116:9-118:52
	android:screenOrientation
		ADDED from src\main\AndroidManifest.xml:118:13-49
	android:name
		ADDED from src\main\AndroidManifest.xml:117:13-70
activity#com.moaPlatform.moa.bottom_menu.wallet.barcode.QrMainActivity
ADDED from src\main\AndroidManifest.xml:119:9-121:52
	android:screenOrientation
		ADDED from src\main\AndroidManifest.xml:121:13-49
	android:name
		ADDED from src\main\AndroidManifest.xml:120:13-70
activity#com.moaPlatform.moa.bottom_menu.wallet.barcode.CustomQrScanningActivity
ADDED from src\main\AndroidManifest.xml:122:9-124:52
	android:screenOrientation
		ADDED from src\main\AndroidManifest.xml:124:13-49
	android:name
		ADDED from src\main\AndroidManifest.xml:123:13-80
activity#com.moaPlatform.moa.bottom_menu.wallet.barcode.QrCodeInputDataActivity
ADDED from src\main\AndroidManifest.xml:125:9-127:52
	android:screenOrientation
		ADDED from src\main\AndroidManifest.xml:127:13-49
	android:name
		ADDED from src\main\AndroidManifest.xml:126:13-79
activity#com.moaPlatform.moa.side_menu.usernotice.UserNoticeActivity
ADDED from src\main\AndroidManifest.xml:128:9-130:52
	android:screenOrientation
		ADDED from src\main\AndroidManifest.xml:130:13-49
	android:name
		ADDED from src\main\AndroidManifest.xml:129:13-68
activity#com.moaPlatform.moa.bottom_menu.shopping_cart.main.ShoppingCartActivity
ADDED from src\main\AndroidManifest.xml:131:9-133:52
	android:screenOrientation
		ADDED from src\main\AndroidManifest.xml:133:13-49
	android:name
		ADDED from src\main\AndroidManifest.xml:132:13-80
activity#com.moaPlatform.moa.bottom_menu.shopping_cart.detail.ShoppingCartDetailActivity
ADDED from src\main\AndroidManifest.xml:134:9-136:52
	android:screenOrientation
		ADDED from src\main\AndroidManifest.xml:136:13-49
	android:name
		ADDED from src\main\AndroidManifest.xml:135:13-88
activity#com.moaPlatform.moa.side_menu.order.detail.view.OrderDetailHistoryActivity
ADDED from src\main\AndroidManifest.xml:138:9-140:52
	android:screenOrientation
		ADDED from src\main\AndroidManifest.xml:140:13-49
	android:name
		ADDED from src\main\AndroidManifest.xml:139:13-83
activity#com.moaPlatform.moa.activity.ReviewModifyActivity
ADDED from src\main\AndroidManifest.xml:141:9-143:52
	android:screenOrientation
		ADDED from src\main\AndroidManifest.xml:143:13-49
	android:name
		ADDED from src\main\AndroidManifest.xml:142:13-58
activity#com.moaPlatform.moa.auth.sign_up.controller.SignUpActivity
ADDED from src\main\AndroidManifest.xml:144:9-146:52
	android:screenOrientation
		ADDED from src\main\AndroidManifest.xml:146:13-49
	android:name
		ADDED from src\main\AndroidManifest.xml:145:13-67
activity#com.moaPlatform.moa.payment.CardRegisterActivity
ADDED from src\main\AndroidManifest.xml:147:9-149:52
	android:screenOrientation
		ADDED from src\main\AndroidManifest.xml:149:13-49
	android:name
		ADDED from src\main\AndroidManifest.xml:148:13-57
activity#com.moaPlatform.moa.side_menu.favorite.BookmarkActivity
ADDED from src\main\AndroidManifest.xml:150:9-152:52
	android:screenOrientation
		ADDED from src\main\AndroidManifest.xml:152:13-49
	android:name
		ADDED from src\main\AndroidManifest.xml:151:13-64
activity#com.moaPlatform.moa.side_menu.coupon.CouponListActivity
ADDED from src\main\AndroidManifest.xml:153:9-155:52
	android:screenOrientation
		ADDED from src\main\AndroidManifest.xml:155:13-49
	android:name
		ADDED from src\main\AndroidManifest.xml:154:13-64
activity#com.moaPlatform.moa.side_menu.order.OrderHistoryActivity
ADDED from src\main\AndroidManifest.xml:156:9-158:52
	android:screenOrientation
		ADDED from src\main\AndroidManifest.xml:158:13-49
	android:name
		ADDED from src\main\AndroidManifest.xml:157:13-65
activity#com.moaPlatform.moa.side_menu.review_view.MyReviewActivity
ADDED from src\main\AndroidManifest.xml:159:9-161:52
	android:screenOrientation
		ADDED from src\main\AndroidManifest.xml:161:13-49
	android:name
		ADDED from src\main\AndroidManifest.xml:160:13-67
activity#com.moaPlatform.moa.side_menu.eventnotice.view.event.EventMainActivity
ADDED from src\main\AndroidManifest.xml:162:9-164:52
	android:screenOrientation
		ADDED from src\main\AndroidManifest.xml:164:13-49
	android:name
		ADDED from src\main\AndroidManifest.xml:163:13-79
activity#com.moaPlatform.moa.side_menu.coupon.CouponRegisterMainActivity
ADDED from src\main\AndroidManifest.xml:165:9-167:52
	android:screenOrientation
		ADDED from src\main\AndroidManifest.xml:167:13-49
	android:name
		ADDED from src\main\AndroidManifest.xml:166:13-72
activity#com.moaPlatform.moa.side_menu.settings.noticeagree.NoticeAgreeSettingActivity
ADDED from src\main\AndroidManifest.xml:168:9-170:52
	android:screenOrientation
		ADDED from src\main\AndroidManifest.xml:170:13-49
	android:name
		ADDED from src\main\AndroidManifest.xml:169:13-86
activity#com.moaPlatform.moa.side_menu.settings.account.FingerPrintSettingMainActivity
ADDED from src\main\AndroidManifest.xml:171:9-173:52
	android:screenOrientation
		ADDED from src\main\AndroidManifest.xml:173:13-49
	android:name
		ADDED from src\main\AndroidManifest.xml:172:13-86
activity#com.moaPlatform.moa.delivery_menu.eatout_store_detail.EatOutStoreDetailActivity
ADDED from src\main\AndroidManifest.xml:174:9-176:52
	android:screenOrientation
		ADDED from src\main\AndroidManifest.xml:176:13-49
	android:name
		ADDED from src\main\AndroidManifest.xml:175:13-88
activity#com.moaPlatform.moa.delivery_menu.eatout_store_list.EatOutStoreListActivity